c:\users\yaega\documents\github\gamecpp\gamec++\x64\debug\vc143.pdb
c:\users\yaega\documents\github\gamecpp\gamec++\x64\debug\vc143.idb
c:\users\yaega\documents\github\gamecpp\gamec++\x64\debug\main.obj
c:\users\yaega\documents\github\gamecpp\gamec++\x64\debug\game.obj
c:\users\yaega\documents\github\gamecpp\gamec++\x64\debug\componet.obj
c:\users\yaega\documents\github\gamecpp\gamec++\x64\debug\spritecomponent.obj
c:\users\yaega\documents\github\gamecpp\gamec++\x64\debug\bgspritecomponent.obj
c:\users\yaega\documents\github\gamecpp\gamec++\x64\debug\animspritecomponent.obj
c:\users\yaega\documents\github\gamecpp\gamec++\x64\debug\born.obj
c:\users\yaega\documents\github\gamecpp\gamec++\x64\debug\tilemapcomponent.obj
c:\users\yaega\documents\github\gamecpp\gamec++\x64\debug\tile.obj
c:\users\yaega\documents\github\gamecpp\gamec++\x64\debug\math.obj
c:\users\yaega\documents\github\gamecpp\gamec++\x64\debug\movecomponent.obj
c:\users\yaega\documents\github\gamecpp\gamec++\x64\debug\random.obj
c:\users\yaega\documents\github\gamecpp\gamec++\x64\debug\asteroid.obj
c:\users\yaega\documents\github\gamecpp\gamec++\x64\debug\ship.obj
c:\users\yaega\documents\github\gamecpp\gamec++\x64\debug\inputcomponent.obj
c:\users\yaega\documents\github\gamecpp\gamec++\x64\debug\circlecomponent.obj
c:\users\yaega\documents\github\gamecpp\gamec++\x64\debug\entity.obj
c:\users\yaega\documents\github\gamecpp\gamec++\x64\debug\vertexarray.obj
c:\users\yaega\documents\github\gamecpp\gamec++\x64\debug\shader.obj
c:\users\yaega\documents\github\gamecpp\gamec++\x64\debug\texture.obj
c:\users\yaega\documents\github\gamecpp\x64\debug\gamec++.exe
c:\users\yaega\documents\github\gamecpp\gamec++\x64\debug\gamec++.ilk
c:\users\yaega\documents\github\gamecpp\x64\debug\gamec++.pdb
c:\users\yaega\documents\github\gamecpp\gamec++\x64\debug\actor.obj
c:\users\yaega\documents\github\gamecpp\gamec++\x64\debug\gamec++.tlog\cl.command.1.tlog
c:\users\yaega\documents\github\gamecpp\gamec++\x64\debug\gamec++.tlog\cl.items.tlog
c:\users\yaega\documents\github\gamecpp\gamec++\x64\debug\gamec++.tlog\cl.read.1.tlog
c:\users\yaega\documents\github\gamecpp\gamec++\x64\debug\gamec++.tlog\cl.write.1.tlog
c:\users\yaega\documents\github\gamecpp\gamec++\x64\debug\gamec++.tlog\link-cvtres.read.1.tlog
c:\users\yaega\documents\github\gamecpp\gamec++\x64\debug\gamec++.tlog\link-cvtres.write.1.tlog
c:\users\yaega\documents\github\gamecpp\gamec++\x64\debug\gamec++.tlog\link-rc.read.1.tlog
c:\users\yaega\documents\github\gamecpp\gamec++\x64\debug\gamec++.tlog\link-rc.write.1.tlog
c:\users\yaega\documents\github\gamecpp\gamec++\x64\debug\gamec++.tlog\link.command.1.tlog
c:\users\yaega\documents\github\gamecpp\gamec++\x64\debug\gamec++.tlog\link.read.1.tlog
c:\users\yaega\documents\github\gamecpp\gamec++\x64\debug\gamec++.tlog\link.read.2.tlog
c:\users\yaega\documents\github\gamecpp\gamec++\x64\debug\gamec++.tlog\link.write.1.tlog
